<?xml version="1.0" encoding="UTF-8"?>
<testsuite name="Use reqresApi service" tests="6" skipped="0" failures="0" errors="0" timestamp="2021-09-12T22:49:56" hostname="LUISA-TANGARIFE" time="7.146">
  <properties/>
  <testcase name="List a resource #1" classname="Use reqresApi service" time="4.346"/>
  <testcase name="List a resource #2" classname="Use reqresApi service" time="0.341"/>
  <testcase name="Login #1" classname="Use reqresApi service" time="0.683"/>
  <testcase name="Login #2" classname="Use reqresApi service" time="0.577"/>
  <testcase name="Update a user #1" classname="Use reqresApi service" time="0.605"/>
  <testcase name="Update a user #2" classname="Use reqresApi service" time="0.592"/>
  <system-out><![CDATA[co.com.rappi.training.restservicestest.models.UserData@539142f0[email=eve.holt@reqres.in,password=cityslicka]
co.com.rappi.training.restservicestest.models.UserData@794487ca[email=peter@klaven,password=]
co.com.rappi.training.restservicestest.models.UpdateUser@185d2dc1[name=morpheus,job=zion resident]
co.com.rappi.training.restservicestest.models.UpdateUser@266ac5d7[name=morpheus,job=zion resident]
co.com.rappi.training.restservicestest.models.UpdateUser@473e387c[name=Emma@klaven,job=Wong]
co.com.rappi.training.restservicestest.models.UpdateUser@46293b02[name=Emma@klaven,job=Wong]
]]></system-out>
  <system-err><![CDATA[[Test worker] INFO io.cucumber.core.plugin.SerenityReporter - Running feature from file:///C:/Users/user/Documents/Banistmo%20-%20Contingencia/Rappi/Entregable/RestServicesTest/src/test/resources/features/reqres_api.feature
[Test worker] WARN io.cucumber.core.plugin.SerenityReporter - Feature from file:///C:/Users/user/Documents/Banistmo%20-%20Contingencia/Rappi/Entregable/RestServicesTest/src/test/resources/features/reqres_api.feature is not under the 'features' directory. Requirements report will not be correctly generated!
[Test worker] INFO  - 
 _____ _____ ____ _____   ____ _____  _    ____ _____ _____ ____  
|_   _| ____/ ___|_   _| / ___|_   _|/ \  |  _ \_   _| ____|  _ \ 
  | | |  _| \___ \ | |   \___ \ | | / _ \ | |_) || | |  _| | | | |
  | | | |___ ___) || |    ___) || |/ ___ \|  _ < | | | |___| |_| |
  |_| |_____|____/ |_|   |____/ |_/_/   \_\_| \_\|_| |_____|____/ 

List a resource(use-reqresapi-service;list-a-resource)
-------------------------------------------------------------------
[Test worker] INFO  - 
        __    _____ _____ ____ _____   ____   _    ____  ____  _____ ____  
  _     \ \  |_   _| ____/ ___|_   _| |  _ \ / \  / ___|/ ___|| ____|  _ \ 
 (_)_____| |   | | |  _| \___ \ | |   | |_) / _ \ \___ \\___ \|  _| | | | |
  _|_____| |   | | | |___ ___) || |   |  __/ ___ \ ___) |___) | |___| |_| |
 (_)     | |   |_| |_____|____/ |_|   |_| /_/   \_\____/|____/|_____|____/ 
        /_/                                                                

List a resource
----------------------------------------------------------------------------
[Test worker] INFO io.cucumber.core.plugin.SerenityReporter - Running feature from file:///C:/Users/user/Documents/Banistmo%20-%20Contingencia/Rappi/Entregable/RestServicesTest/src/test/resources/features/reqres_api.feature
[Test worker] WARN io.cucumber.core.plugin.SerenityReporter - Feature from file:///C:/Users/user/Documents/Banistmo%20-%20Contingencia/Rappi/Entregable/RestServicesTest/src/test/resources/features/reqres_api.feature is not under the 'features' directory. Requirements report will not be correctly generated!
[Test worker] INFO  - 
        __    _____ _____ ____ _____   ____   _    ____  ____  _____ ____  
  _     \ \  |_   _| ____/ ___|_   _| |  _ \ / \  / ___|/ ___|| ____|  _ \ 
 (_)_____| |   | | |  _| \___ \ | |   | |_) / _ \ \___ \\___ \|  _| | | | |
  _|_____| |   | | | |___ ___) || |   |  __/ ___ \ ___) |___) | |___| |_| |
 (_)     | |   |_| |_____|____/ |_|   |_| /_/   \_\____/|____/|_____|____/ 
        /_/                                                                

List a resource
----------------------------------------------------------------------------
[Test worker] INFO io.cucumber.core.plugin.SerenityReporter - Running feature from file:///C:/Users/user/Documents/Banistmo%20-%20Contingencia/Rappi/Entregable/RestServicesTest/src/test/resources/features/reqres_api.feature
[Test worker] WARN io.cucumber.core.plugin.SerenityReporter - Feature from file:///C:/Users/user/Documents/Banistmo%20-%20Contingencia/Rappi/Entregable/RestServicesTest/src/test/resources/features/reqres_api.feature is not under the 'features' directory. Requirements report will not be correctly generated!
[Test worker] INFO  - 
 _____ _____ ____ _____   ____ _____  _    ____ _____ _____ ____  
|_   _| ____/ ___|_   _| / ___|_   _|/ \  |  _ \_   _| ____|  _ \ 
  | | |  _| \___ \ | |   \___ \ | | / _ \ | |_) || | |  _| | | | |
  | | | |___ ___) || |    ___) || |/ ___ \|  _ < | | | |___| |_| |
  |_| |_____|____/ |_|   |____/ |_/_/   \_\_| \_\|_| |_____|____/ 

Login(use-reqresapi-service;login)
-------------------------------------------------------------------
[Test worker] INFO  - 
        __    _____ _____ ____ _____   ____   _    ____  ____  _____ ____  
  _     \ \  |_   _| ____/ ___|_   _| |  _ \ / \  / ___|/ ___|| ____|  _ \ 
 (_)_____| |   | | |  _| \___ \ | |   | |_) / _ \ \___ \\___ \|  _| | | | |
  _|_____| |   | | | |___ ___) || |   |  __/ ___ \ ___) |___) | |___| |_| |
 (_)     | |   |_| |_____|____/ |_|   |_| /_/   \_\____/|____/|_____|____/ 
        /_/                                                                

Login
----------------------------------------------------------------------------
[Test worker] INFO io.cucumber.core.plugin.SerenityReporter - Running feature from file:///C:/Users/user/Documents/Banistmo%20-%20Contingencia/Rappi/Entregable/RestServicesTest/src/test/resources/features/reqres_api.feature
[Test worker] WARN io.cucumber.core.plugin.SerenityReporter - Feature from file:///C:/Users/user/Documents/Banistmo%20-%20Contingencia/Rappi/Entregable/RestServicesTest/src/test/resources/features/reqres_api.feature is not under the 'features' directory. Requirements report will not be correctly generated!
[Test worker] INFO  - 
        __    _____ _____ ____ _____   ____   _    ____  ____  _____ ____  
  _     \ \  |_   _| ____/ ___|_   _| |  _ \ / \  / ___|/ ___|| ____|  _ \ 
 (_)_____| |   | | |  _| \___ \ | |   | |_) / _ \ \___ \\___ \|  _| | | | |
  _|_____| |   | | | |___ ___) || |   |  __/ ___ \ ___) |___) | |___| |_| |
 (_)     | |   |_| |_____|____/ |_|   |_| /_/   \_\____/|____/|_____|____/ 
        /_/                                                                

Login
----------------------------------------------------------------------------
[Test worker] INFO io.cucumber.core.plugin.SerenityReporter - Running feature from file:///C:/Users/user/Documents/Banistmo%20-%20Contingencia/Rappi/Entregable/RestServicesTest/src/test/resources/features/reqres_api.feature
[Test worker] WARN io.cucumber.core.plugin.SerenityReporter - Feature from file:///C:/Users/user/Documents/Banistmo%20-%20Contingencia/Rappi/Entregable/RestServicesTest/src/test/resources/features/reqres_api.feature is not under the 'features' directory. Requirements report will not be correctly generated!
[Test worker] INFO  - 
 _____ _____ ____ _____   ____ _____  _    ____ _____ _____ ____  
|_   _| ____/ ___|_   _| / ___|_   _|/ \  |  _ \_   _| ____|  _ \ 
  | | |  _| \___ \ | |   \___ \ | | / _ \ | |_) || | |  _| | | | |
  | | | |___ ___) || |    ___) || |/ ___ \|  _ < | | | |___| |_| |
  |_| |_____|____/ |_|   |____/ |_/_/   \_\_| \_\|_| |_____|____/ 

Update a user(use-reqresapi-service;update-a-user)
-------------------------------------------------------------------
[Test worker] INFO  - 
        __    _____ _____ ____ _____   ____   _    ____  ____  _____ ____  
  _     \ \  |_   _| ____/ ___|_   _| |  _ \ / \  / ___|/ ___|| ____|  _ \ 
 (_)_____| |   | | |  _| \___ \ | |   | |_) / _ \ \___ \\___ \|  _| | | | |
  _|_____| |   | | | |___ ___) || |   |  __/ ___ \ ___) |___) | |___| |_| |
 (_)     | |   |_| |_____|____/ |_|   |_| /_/   \_\____/|____/|_____|____/ 
        /_/                                                                

Update a user
----------------------------------------------------------------------------
[Test worker] INFO io.cucumber.core.plugin.SerenityReporter - Running feature from file:///C:/Users/user/Documents/Banistmo%20-%20Contingencia/Rappi/Entregable/RestServicesTest/src/test/resources/features/reqres_api.feature
[Test worker] WARN io.cucumber.core.plugin.SerenityReporter - Feature from file:///C:/Users/user/Documents/Banistmo%20-%20Contingencia/Rappi/Entregable/RestServicesTest/src/test/resources/features/reqres_api.feature is not under the 'features' directory. Requirements report will not be correctly generated!
[Test worker] INFO  - 
        __    _____ _____ ____ _____   ____   _    ____  ____  _____ ____  
  _     \ \  |_   _| ____/ ___|_   _| |  _ \ / \  / ___|/ ___|| ____|  _ \ 
 (_)_____| |   | | |  _| \___ \ | |   | |_) / _ \ \___ \\___ \|  _| | | | |
  _|_____| |   | | | |___ ___) || |   |  __/ ___ \ ___) |___) | |___| |_| |
 (_)     | |   |_| |_____|____/ |_|   |_| /_/   \_\____/|____/|_____|____/ 
        /_/                                                                

Update a user
----------------------------------------------------------------------------
]]></system-err>
</testsuite>
